813352
397009
127328
168411
620611
371616
506303
947139
133715
922137
307026
494411
609643
571924
271179
143467
842658
121974
148240
202385
391757
505340
227538
152856
594654
684839
118391
665538
922913
412551
297263
779598
507319
325802
507749
645577
619113
700140
282892
991678
350388
392639
833644
748115
623847
292892
364408
414002
740153
563728
856381
119324
417067
658784
197951
144087
405484
578826
596432
994815
188809
982957
363528
786710
158574
833573
919284
923750
232808
643746
450162
857493
866234
933412
271399
825666
203444
220495
525039
197643
352745
134069
425219
101919
997714
131605
982040
869244
387727
173130
289019
611854
527580
912497
691611
317252
350024
611527
581377
890469
273579
940101
350938
556372
573566
671772
378501
378125
808511
400427
660740
856126
288906
551725
327498
231184
776370
747538
855076
834116
307866
936906
582906
953533
854328
167935
867353
651532
331162
789351
211531
240678
159195
867862
882937
536913
828889
583337
815854
140834
530509
758510
189665
576350
149368
504278
377502
802296
318395
403944
159265
276273
759218
373292
123599
222465
913548
404758
722060
387746
556141
142365
878541
799077
717711
707064
444496
198689
341900
209466
872460
461270
198495
517427
931261
297985
470877
642519
409759
170926
261828
748478
695898
635843
473988
185325
662445
174109
382851
140105
708729
812632
847322
164540
845641
951027
889221
781108
529026
645548
538454
920929
651281
471732
808091
489157
789188
877451
366642
858541
269617
313868
790121
170612
301743
684002
530030
819153
909609
640002
773193
895111
863872
874007
407841
210447
576713
762441
662987
111231
134685
718092
507020
606841
191311
646833
382839
724728
455492
550994
964298
995438
348118
774693
946148
607920
886854
303925
371383
592495
276243
409735
460623
751032
332405
227159
233653
188716
930855
373834
843641
821189
927673
978747
995121
400952
255382
815712
350449
100760
219616
926509
865822
446950
374180
633706
205781
136815
119521
558865
861002
596463
594897
627505
198437
744829
508705
466912
964957
576975
731831
360535
229663
176254
215588
751963
311194
981989
679986
755764
341218
472775
452076
470210
185222
608936
271694
888151
710365
472341
335011
722683
824330
714021
585767
114025
459315
832498
634958
791607
628433
799193
386190
266242
346318
397979
986223
302414
106060
614059
295692
944141
114619
573486
767490
255607
989583
147094
224390
801562
109768
913569
181694
993110
134832
577166
503276
167876
338620
775005
166079
894509
536525
320703
114744
690194
387302
326074
788637
567449
377028
666189
719392
564577
752482
834667
971204
621972
700487
818642
854682
167897
177290
456998
851725
873795
364346
278882
331357
839765
942555
372396
962541
507162
487032
712051
813829
538749
702821
158042
553279
372630
632300
483725
445242
966382
806440
526354
822061
581069
845852
396929
790655
263402
128781
300609
338970
211652
128236
101274
628328
386608
965173
505163
940604
482538
606052
898117
630603
922864
216498
589917
311220
906200
149056
409771
286705
498061
812359
575770
952427
868254
288272
213955
611457
506980
895844
752810
557826
121834
467845
654389
667985
129816
930749
628417
182971
641358
108952
589506
547041
825496
599548
167058
145907
846858
439711
133624
402183
553033
653659
186690
473184
793284
363404
686288
990272
896647
304577
129532
332637
607468
455892
170250
586871
641967
220103
610664
122145
694201
952361
523326
144692
974103
360258
217121
750861
144163
321189
896117
982595
512504
149495
611699
966528
182231
950406
473536
422284
966112
560616
878449
247889
691332
157986
767917
606421
190160
172614
158757
369455
603694
774871
836006
843875
300593
917141
577110
232242
916367
384795
698211
507241
897523
305961
826766
127776
754431
237718
377333
117732
636083
452919
164860
608469
462720
723549
980218
527743
129484
643994
771833
176923
919785
896560
692187
559697
253405
107385
927299
672231
350711
757962
248693
670577
853534
105991
631869
129819
629903
786605
570067
475539
659046
168084
102760
318014
520370
787556
167018
426378
228361
948344
966400
535845
291103
406611
524480
939234
418865
848506
749923
305635
756198
151518
441345
693731
173280
995992
675496
955765
970395
457297
111596
152820
883705
548521
262131
686319
609660
119388
546868
584667
608902
966242
895964
430474
962641
394311
725440
124359
109809
550401
695959
748566
363668
649400
812763
989517
333941
622015
538716
384042
180858
638555
604703
635792
803861
815528
640257
448211
907165
693411
172561
941846
650215
791684
571113
531501
579693
823171
658812
843165
979111
858725
194974
892368
563262
678365
550956
851034
514381
549677
912444
219213
366171
998503
735733
202314
420078
164829
601599
236883
701466
620332
688991
483339
222055
276520
211797
191443
268822
969576
540400
507655
911876
352493
667095
444101
499335
907202
302512
514419
609035
812662
250064
280076
325601
325729
231254
891836
212283
143268
138717
696051
659441
258993
283241
124856
935883
771582
900286
379849
788888
336956
702494
824025
766459
705984
966542
924374
853486
734980
405031
127382
965570
899512
380777
778747
157767
150861
999610
610161
910100
954256
573466
142175
828670
793272
781048
975381
115527
483855
401061
867726
601998
565926
161844
949503
256421
590630
372848
968371
911873
245470
158052
501274
634960
248363
694778
345714
112316
853979
498928
928928
404385
573979
733136
703725
595794
101375
900436
243859
311778
265321
105645
557707
702025
765954
696050
162294
772688
720395
346640
453402
593380
742488
725707
581313
312448
769839
857071
154843
686564
103002
608461
511753
937539
550266
506501
280086
320444
875475
146480
641983
410210
972955
341281
574179
992034
515152
300065
728754
469509
937779
270376
154839
952942
836091
136061
779009
882724
326820
437011
931014
390627
595879
135489
623505
856694
362952
660615
555789
208272
664471
487872
177460
502181
539439
950020
832767
332453
939955
139371
571047
250151
677717
356833
712756
664653
471327
463501
996034
115701
218410
419807
346131
334501
271657
288948
964659
444515
763952
166095
775880
659726
447918
708090
570167
635407
315003
788158
269534
522767
264278
628159
594836
231033
391833
500829
239187
481735
727031
510841
670617
880256
518684
984642
376959
536786
973072
653043
996138
941734
751543
929163
495620
327614
746164
709546
228798
452335
620977
214772
468080
961422
123606
473168
567555
596033
830348
398401
280649
366823
433803
222678
257098
833839
977066
741420
258888
447307
724092
921889
345086
444106
127178
492904
332277
874386
835223
176554
493658
392822
685607
766643
489352
560080
570952
375722
168063
127646
688866
413504
855723
992563
399075
986552
360431
735335
305953
806141
515072
300450
322401
364138
849443
574820
888400
824937
121744
136327
771360
743651
164298
451434
713411
680307
277235
332176
762236
476658
387003
269268
505214
347925
722375
698622
467298
327756
381988
425578
573193
496975
185105
385304
321781
843964
316884
891981
720097
555293
211509
878239
338911
637237
588778
865001
846791
480861
768799
980374
631432
283403
414350
390722
834801
272503
979722
464713
586506
948032
407524
737021
564984
927736
444160
325982
700599
734973
803512
375725
619788
380699
805012
434708
764284
180426
302446
458043
373972
917526
161684
719449
229755
595671
184744
188950
626489
295407
952965
838875
901081
771901
333721
267347
702827
285178
461815
308164
806277
233932
873000
949797
415483
207723
316409
533593
692185
926492
668620
447174
707744
440137
627093
159729
528279
876667
294781
704701
623863
342058
743082
630958
825660
981188
816663
366064
498089
201080
965549
629664
699570
885338
879957
421977
538419
875950
257093
609200
759197
443288
370955
887108
285890
841286
496653
143671
945047
320745
494816
959566
859395
622957
593065
246361
776650
363429
859916
459056
185906
410962
248103
166008
417429
418066
399709
399974
415798
768298
993327
635492
876281
165063
317866
617222
922328
688506
295463
142893
635737
368695
375632
278639
200577
146071
352679
678966
718902
269738
308477
902974
624105
516036
500400
589395
638095
732800
705292
919908
382176
389106
357756
121661
937145
506184
770918
694809
412779
928486
589777
919825
233597
981959
288198
449889
133406
566147
832732
290040
986233
226861
277181
181317
762713
864536
894706
860097
312906
353247
449726
629091
221768
146581
870666
845230
973180
860794
949718
255850
584881
659255
423490
494140
276041
105415
933762
343865
439259
409469
806622
909925
437894
397533
856871
526418
877689
281130
373288
919248
234823
205681
339476
100568
894881
291243
581820
318204
183005
134355
842187
337204
819486
504708
861686
900395
799704
640156
818827
948534
118801
754356
285128
325546
919977
198913
580695
465115
259896
218196
615738
337113
373653
153698
841714
829985
687819
899670
589689
159064
593691
831494
218954
802026
612819
913188
444020
131609
866734
795889
446837
599930
921501
491342
315679
234439
686231
893363
191877
852473
804440
987543
794432
717292
790600
413249
280110
530621
155517
139431
703263
234286
788820
350089
663776
494417
828582
918001
818003
751683
342913
415750
833363
635629
878410
899846
236517
533239
177937
870767
280054
153874
138264
792253
125895
277904
888899
570674
725560
790350
233672
679461
145045
955536
755465
180638
729163
273101
242107
304930
763067
220930
225170
439888
172709
139255
245829
314023
758226
328425
310959
425067
968352
782447
972719
801636
290219
787464
666634
362299
414615
743975
861771
644356
588197
217741
945339
748089
670633
310592
158916
591158
852984
688292
397499
551759
117503
713730
826754
204906
710640
672161
201840
520914
690882
332563
479646
372105
123772
415338
491975
596581
297592
924566
133661
861063
835748
647220
558985
939236
408402
493667
324477
717824
387291
902043
127157
411942
402275
179146
991578
273574
391336
629886
188389
364906
246790
761646
417905
800537
445842
613161
868461
922133
468306
496375
708361
979492
706730
347707
678623
134121
112151
816755
439353
933452
235168
234135
585343
327302
359460
357255
406184
203610
279826
504828
540945
382811
907586
124187
802989
385935
680470
422544
713638
735882
820988
532564
425606
497942
430683
735861
346518
871584
481271
788645
731834
978436
497049
319146
759296
347259
910279
552631
137947
715691
522457
199735
617231
754679
324536
177687
606590
983327
946620
408692
406949
240856
728318
599202
890735
970689
615638
499269
241477
381738
651432
228405
567782
693322
495545
213744
234537
691229
972620
685679
598945
372270
577220
313191
102404
206231
371707
558962
264109
786931
621741
212921
699847
753927
253557
542166
892111
284551
536283
967475
204962
347287
771532
906402
459976
460710
542481
407498
133203
847499
941115
529978
673592
694956
265281
547408
291712
383360
394607
516727
685765
706378
343172
483237
810083
274650
478114
303064
648252
659090
852331
432524
646473
837710
890593
628553
633764
187997
181049
143069
998437
846651
585778
587674
230057
610421
634039
376619
900027
743814
364982
600905
573578
654770
346153
759268
606382
540390
800237
640460
262361
547303
300597
559022
939117
721426
468709
486799
123915
177620
208024
478733
764852
275287
727903
678089
346502
291451
915626
431871
892151
820450
382683
397235
456394
755015
373103
869216
915081
488536
537438
713923
988907
152114
896593
998846
909338
146843
226646
812288
458048
406454
102366
701090
637545
172082
272149
261410
493402
714768
959465
210814
872692
799963
339409
700632
482800
745426
598652
271507
848910
312331
731805
101955
505392
303113
838743
893578
183915
337657
811443
637811
633024
780470
544828
632385
922816
517838
209153
167803
766353
204279
645044
410291
211715
972795
294520
392423
466138
388665
732020
963076
258226
707367
933202
266631
175504
637540
138643
473162
875550
726013
135618
154699
443852
504426
984494
153665
817339
376887
534218
993437
556184
525575
693716
265182
401814
638121
400709
906969
467830
630475
434769
382218
651862
213667
983373
773415
108509
858579
882594
581089
611914
820073
596215
308445
555059
972840
748597
118599
856894
566326
191520
460016
709667
166591
143152
727803
606331
482182
306437
116734
417131
991215
218898
491777
257214
335827
485375
560205
328412
820723
707417
158624
361142
904122
498787
452101
701775
305618
423359
735952
437271
190886
967292
208380
591252
804954
790710
401285
684008
582035
193926
780501
149854
609024
932209
547207
924717
805017
798228
971171
846093
729781
289221
470790
901563
358321
551050
689662
257683
805463
694065
701232
467922
658002
129981
711595
225034
646252
903336
485168
236077
625138
659370
556277
381383
999370
789569
482164
792009
577339
402084
365720
668234
868116
576943
629770
495712
906928
559600
453513
959183
450417
967134
594607
331793
478835
101425
932999
903515
372841
771215
115444
562680
145256
255176
824504
831864
319568
769898
190586
238867
372757
234270
203102
131401
266991
701556
963574
921767
272615
562689
279552
605749
475204
843342
152676
763007
342948
108246
430663
899300
574592
674077
742000
242786
217278
262640
480786
499124
312396
942091
342798
369064
369785
630198
397848
473135
575968
114660
194664
647738
650913
423807
424513
815153
748819
181766
916963
980852
610730
196005
761411
649133
627871
505142
476473
146182
536175
258726
127619
921925
739845
799918
204941
325086
383329
437966
534626
428266
784735
369425
771189
915879
949402
383325
991562
970155
325244
663703
463430
338449
468511
872038
297853
644659
148831
697630
869912
663065
257273
403983
257822
694726
654028
279966
783789
521531
522205
466456
201327
788746
842738
147910
993136
708270
360865
636626
813719
720043
408278
624374
239005
823650
562246
753758
252180
792484
457842
122607
579195
594260
426454
352037
835799
687563
389424
415419
621442
715496
894832
292781
488003
281948
805807
469985
141213
479945
153741
352165
443825
329332
272429
215943
489101
692815
510889
624956
954541
478833
527092
259224
504533
957730
929886
449898
474476
817938
855165
284935
303332
140661
274929
970003
360917
572566
147690
750023
864681
227123
384801
241787
834792
332852
968642
194105
505064
504127
168870
491233
471161
518280
356393
454108
150166
625725
911507
491265
629464
387695
283352
696297
160453
